<?xml version="1.0" encoding="UTF-8"?>
<testsuite name="regex.UserRegistrationTest" tests="1" skipped="0" failures="0" errors="0" timestamp="2022-09-07T20:27:45" hostname="VEERENDRA" time="0.018">
  <properties/>
  <testcase name="password_Should_returnFalse()" classname="regex.UserRegistrationTest" time="0.018"/>
  <system-out><![CDATA[Please Enter Valid Password
veersing
false
]]></system-out>
  <system-err><![CDATA[]]></system-err>
</testsuite>
